/www/wwwroot/paobai.cn/routes/api.js:9
const { query } = require('../database/init');
        ^

SyntaxError: Identifier 'query' has already been declared
    at Object.compileFunction (node:vm:352:18)
    at wrapSafe (node:internal/modules/cjs/loader:1031:15)
    at Module._compile (node:internal/modules/cjs/loader:1065:27)
    at Object.Module._extensions..js (node:internal/modules/cjs/loader:1153:10)
    at Module.load (node:internal/modules/cjs/loader:981:32)
    at Function.Module._load (node:internal/modules/cjs/loader:822:12)
    at Module.require (node:internal/modules/cjs/loader:1005:19)
    at Module.Hook._require.Module.require (/www/server/nodejs/v16.9.0/lib/node_modules/pm2/node_modules/require-in-the-middle/index.js:101:39)
    at require (node:internal/modules/cjs/helpers:94:18)
    at Object.<anonymous> (/www/wwwroot/paobai.cn/server.js:18:19)
/www/wwwroot/paobai.cn/routes/api.js:9
const { query } = require('../database/init');
        ^

SyntaxError: Identifier 'query' has already been declared
    at Object.compileFunction (node:vm:352:18)
    at wrapSafe (node:internal/modules/cjs/loader:1031:15)
    at Module._compile (node:internal/modules/cjs/loader:1065:27)
    at Object.Module._extensions..js (node:internal/modules/cjs/loader:1153:10)
    at Module.load (node:internal/modules/cjs/loader:981:32)
    at Function.Module._load (node:internal/modules/cjs/loader:822:12)
    at Module.require (node:internal/modules/cjs/loader:1005:19)
    at Module.Hook._require.Module.require (/www/server/nodejs/v16.9.0/lib/node_modules/pm2/node_modules/require-in-the-middle/index.js:101:39)
    at require (node:internal/modules/cjs/helpers:94:18)
    at Object.<anonymous> (/www/wwwroot/paobai.cn/server.js:18:19)
/www/wwwroot/paobai.cn/routes/api.js:9
const { query } = require('../database/init');
        ^

SyntaxError: Identifier 'query' has already been declared
    at Object.compileFunction (node:vm:352:18)
    at wrapSafe (node:internal/modules/cjs/loader:1031:15)
    at Module._compile (node:internal/modules/cjs/loader:1065:27)
    at Object.Module._extensions..js (node:internal/modules/cjs/loader:1153:10)
    at Module.load (node:internal/modules/cjs/loader:981:32)
    at Function.Module._load (node:internal/modules/cjs/loader:822:12)
    at Module.require (node:internal/modules/cjs/loader:1005:19)
    at Module.Hook._require.Module.require (/www/server/nodejs/v16.9.0/lib/node_modules/pm2/node_modules/require-in-the-middle/index.js:101:39)
    at require (node:internal/modules/cjs/helpers:94:18)
    at Object.<anonymous> (/www/wwwroot/paobai.cn/server.js:18:19)
/www/wwwroot/paobai.cn/routes/api.js:9
const { query } = require('../database/init');
        ^

SyntaxError: Identifier 'query' has already been declared
    at Object.compileFunction (node:vm:352:18)
    at wrapSafe (node:internal/modules/cjs/loader:1031:15)
    at Module._compile (node:internal/modules/cjs/loader:1065:27)
    at Object.Module._extensions..js (node:internal/modules/cjs/loader:1153:10)
    at Module.load (node:internal/modules/cjs/loader:981:32)
    at Function.Module._load (node:internal/modules/cjs/loader:822:12)
    at Module.require (node:internal/modules/cjs/loader:1005:19)
    at Module.Hook._require.Module.require (/www/server/nodejs/v16.9.0/lib/node_modules/pm2/node_modules/require-in-the-middle/index.js:101:39)
    at require (node:internal/modules/cjs/helpers:94:18)
    at Object.<anonymous> (/www/wwwroot/paobai.cn/server.js:18:19)
/www/wwwroot/paobai.cn/routes/api.js:9
const { query } = require('../database/init');
        ^

SyntaxError: Identifier 'query' has already been declared
    at Object.compileFunction (node:vm:352:18)
    at wrapSafe (node:internal/modules/cjs/loader:1031:15)
    at Module._compile (node:internal/modules/cjs/loader:1065:27)
    at Object.Module._extensions..js (node:internal/modules/cjs/loader:1153:10)
    at Module.load (node:internal/modules/cjs/loader:981:32)
    at Function.Module._load (node:internal/modules/cjs/loader:822:12)
    at Module.require (node:internal/modules/cjs/loader:1005:19)
    at Module.Hook._require.Module.require (/www/server/nodejs/v16.9.0/lib/node_modules/pm2/node_modules/require-in-the-middle/index.js:101:39)
    at require (node:internal/modules/cjs/helpers:94:18)
    at Object.<anonymous> (/www/wwwroot/paobai.cn/server.js:18:19)
/www/wwwroot/paobai.cn/routes/api.js:9
const { query } = require('../database/init');
        ^

SyntaxError: Identifier 'query' has already been declared
    at Object.compileFunction (node:vm:352:18)
    at wrapSafe (node:internal/modules/cjs/loader:1031:15)
    at Module._compile (node:internal/modules/cjs/loader:1065:27)
    at Object.Module._extensions..js (node:internal/modules/cjs/loader:1153:10)
    at Module.load (node:internal/modules/cjs/loader:981:32)
    at Function.Module._load (node:internal/modules/cjs/loader:822:12)
    at Module.require (node:internal/modules/cjs/loader:1005:19)
    at Module.Hook._require.Module.require (/www/server/nodejs/v16.9.0/lib/node_modules/pm2/node_modules/require-in-the-middle/index.js:101:39)
    at require (node:internal/modules/cjs/helpers:94:18)
    at Object.<anonymous> (/www/wwwroot/paobai.cn/server.js:18:19)
/www/wwwroot/paobai.cn/routes/api.js:9
const { query } = require('../database/init');
        ^

SyntaxError: Identifier 'query' has already been declared
    at Object.compileFunction (node:vm:352:18)
    at wrapSafe (node:internal/modules/cjs/loader:1031:15)
    at Module._compile (node:internal/modules/cjs/loader:1065:27)
    at Object.Module._extensions..js (node:internal/modules/cjs/loader:1153:10)
    at Module.load (node:internal/modules/cjs/loader:981:32)
    at Function.Module._load (node:internal/modules/cjs/loader:822:12)
    at Module.require (node:internal/modules/cjs/loader:1005:19)
    at Module.Hook._require.Module.require (/www/server/nodejs/v16.9.0/lib/node_modules/pm2/node_modules/require-in-the-middle/index.js:101:39)
    at require (node:internal/modules/cjs/helpers:94:18)
    at Object.<anonymous> (/www/wwwroot/paobai.cn/server.js:18:19)
/www/wwwroot/paobai.cn/routes/api.js:9
const { query } = require('../database/init');
        ^

SyntaxError: Identifier 'query' has already been declared
    at Object.compileFunction (node:vm:352:18)
    at wrapSafe (node:internal/modules/cjs/loader:1031:15)
    at Module._compile (node:internal/modules/cjs/loader:1065:27)
    at Object.Module._extensions..js (node:internal/modules/cjs/loader:1153:10)
    at Module.load (node:internal/modules/cjs/loader:981:32)
    at Function.Module._load (node:internal/modules/cjs/loader:822:12)
    at Module.require (node:internal/modules/cjs/loader:1005:19)
    at Module.Hook._require.Module.require (/www/server/nodejs/v16.9.0/lib/node_modules/pm2/node_modules/require-in-the-middle/index.js:101:39)
    at require (node:internal/modules/cjs/helpers:94:18)
    at Object.<anonymous> (/www/wwwroot/paobai.cn/server.js:18:19)
/www/wwwroot/paobai.cn/routes/api.js:9
const { query } = require('../database/init');
        ^

SyntaxError: Identifier 'query' has already been declared
    at Object.compileFunction (node:vm:352:18)
    at wrapSafe (node:internal/modules/cjs/loader:1031:15)
    at Module._compile (node:internal/modules/cjs/loader:1065:27)
    at Object.Module._extensions..js (node:internal/modules/cjs/loader:1153:10)
    at Module.load (node:internal/modules/cjs/loader:981:32)
    at Function.Module._load (node:internal/modules/cjs/loader:822:12)
    at Module.require (node:internal/modules/cjs/loader:1005:19)
    at Module.Hook._require.Module.require (/www/server/nodejs/v16.9.0/lib/node_modules/pm2/node_modules/require-in-the-middle/index.js:101:39)
    at require (node:internal/modules/cjs/helpers:94:18)
    at Object.<anonymous> (/www/wwwroot/paobai.cn/server.js:18:19)
/www/wwwroot/paobai.cn/routes/api.js:9
const { query } = require('../database/init');
        ^

SyntaxError: Identifier 'query' has already been declared
    at Object.compileFunction (node:vm:352:18)
    at wrapSafe (node:internal/modules/cjs/loader:1031:15)
    at Module._compile (node:internal/modules/cjs/loader:1065:27)
    at Object.Module._extensions..js (node:internal/modules/cjs/loader:1153:10)
    at Module.load (node:internal/modules/cjs/loader:981:32)
    at Function.Module._load (node:internal/modules/cjs/loader:822:12)
    at Module.require (node:internal/modules/cjs/loader:1005:19)
    at Module.Hook._require.Module.require (/www/server/nodejs/v16.9.0/lib/node_modules/pm2/node_modules/require-in-the-middle/index.js:101:39)
    at require (node:internal/modules/cjs/helpers:94:18)
    at Object.<anonymous> (/www/wwwroot/paobai.cn/server.js:18:19)
/www/wwwroot/paobai.cn/routes/api.js:9
const { query } = require('../database/init');
        ^

SyntaxError: Identifier 'query' has already been declared
    at Object.compileFunction (node:vm:352:18)
    at wrapSafe (node:internal/modules/cjs/loader:1031:15)
    at Module._compile (node:internal/modules/cjs/loader:1065:27)
    at Object.Module._extensions..js (node:internal/modules/cjs/loader:1153:10)
    at Module.load (node:internal/modules/cjs/loader:981:32)
    at Function.Module._load (node:internal/modules/cjs/loader:822:12)
    at Module.require (node:internal/modules/cjs/loader:1005:19)
    at Module.Hook._require.Module.require (/www/server/nodejs/v16.9.0/lib/node_modules/pm2/node_modules/require-in-the-middle/index.js:101:39)
    at require (node:internal/modules/cjs/helpers:94:18)
    at Object.<anonymous> (/www/wwwroot/paobai.cn/server.js:18:19)
/www/wwwroot/paobai.cn/routes/api.js:9
const { query } = require('../database/init');
        ^

SyntaxError: Identifier 'query' has already been declared
    at Object.compileFunction (node:vm:352:18)
    at wrapSafe (node:internal/modules/cjs/loader:1031:15)
    at Module._compile (node:internal/modules/cjs/loader:1065:27)
    at Object.Module._extensions..js (node:internal/modules/cjs/loader:1153:10)
    at Module.load (node:internal/modules/cjs/loader:981:32)
    at Function.Module._load (node:internal/modules/cjs/loader:822:12)
    at Module.require (node:internal/modules/cjs/loader:1005:19)
    at Module.Hook._require.Module.require (/www/server/nodejs/v16.9.0/lib/node_modules/pm2/node_modules/require-in-the-middle/index.js:101:39)
    at require (node:internal/modules/cjs/helpers:94:18)
    at Object.<anonymous> (/www/wwwroot/paobai.cn/server.js:18:19)
/www/wwwroot/paobai.cn/routes/api.js:9
const { query } = require('../database/init');
        ^

SyntaxError: Identifier 'query' has already been declared
    at Object.compileFunction (node:vm:352:18)
    at wrapSafe (node:internal/modules/cjs/loader:1031:15)
    at Module._compile (node:internal/modules/cjs/loader:1065:27)
    at Object.Module._extensions..js (node:internal/modules/cjs/loader:1153:10)
    at Module.load (node:internal/modules/cjs/loader:981:32)
    at Function.Module._load (node:internal/modules/cjs/loader:822:12)
    at Module.require (node:internal/modules/cjs/loader:1005:19)
    at Module.Hook._require.Module.require (/www/server/nodejs/v16.9.0/lib/node_modules/pm2/node_modules/require-in-the-middle/index.js:101:39)
    at require (node:internal/modules/cjs/helpers:94:18)
    at Object.<anonymous> (/www/wwwroot/paobai.cn/server.js:18:19)
/www/wwwroot/paobai.cn/routes/api.js:9
const { query } = require('../database/init');
        ^

SyntaxError: Identifier 'query' has already been declared
    at Object.compileFunction (node:vm:352:18)
    at wrapSafe (node:internal/modules/cjs/loader:1031:15)
    at Module._compile (node:internal/modules/cjs/loader:1065:27)
    at Object.Module._extensions..js (node:internal/modules/cjs/loader:1153:10)
    at Module.load (node:internal/modules/cjs/loader:981:32)
    at Function.Module._load (node:internal/modules/cjs/loader:822:12)
    at Module.require (node:internal/modules/cjs/loader:1005:19)
    at Module.Hook._require.Module.require (/www/server/nodejs/v16.9.0/lib/node_modules/pm2/node_modules/require-in-the-middle/index.js:101:39)
    at require (node:internal/modules/cjs/helpers:94:18)
    at Object.<anonymous> (/www/wwwroot/paobai.cn/server.js:18:19)
/www/wwwroot/paobai.cn/routes/api.js:9
const { query } = require('../database/init');
        ^

SyntaxError: Identifier 'query' has already been declared
    at Object.compileFunction (node:vm:352:18)
    at wrapSafe (node:internal/modules/cjs/loader:1031:15)
    at Module._compile (node:internal/modules/cjs/loader:1065:27)
    at Object.Module._extensions..js (node:internal/modules/cjs/loader:1153:10)
    at Module.load (node:internal/modules/cjs/loader:981:32)
    at Function.Module._load (node:internal/modules/cjs/loader:822:12)
    at Module.require (node:internal/modules/cjs/loader:1005:19)
    at Module.Hook._require.Module.require (/www/server/nodejs/v16.9.0/lib/node_modules/pm2/node_modules/require-in-the-middle/index.js:101:39)
    at require (node:internal/modules/cjs/helpers:94:18)
    at Object.<anonymous> (/www/wwwroot/paobai.cn/server.js:18:19)
/www/wwwroot/paobai.cn/routes/api.js:9
const { query } = require('../database/init');
        ^

SyntaxError: Identifier 'query' has already been declared
    at Object.compileFunction (node:vm:352:18)
    at wrapSafe (node:internal/modules/cjs/loader:1031:15)
    at Module._compile (node:internal/modules/cjs/loader:1065:27)
    at Object.Module._extensions..js (node:internal/modules/cjs/loader:1153:10)
    at Module.load (node:internal/modules/cjs/loader:981:32)
    at Function.Module._load (node:internal/modules/cjs/loader:822:12)
    at Module.require (node:internal/modules/cjs/loader:1005:19)
    at Module.Hook._require.Module.require (/www/server/nodejs/v16.9.0/lib/node_modules/pm2/node_modules/require-in-the-middle/index.js:101:39)
    at require (node:internal/modules/cjs/helpers:94:18)
    at Object.<anonymous> (/www/wwwroot/paobai.cn/server.js:18:19)
